<?xml version="1.0" encoding="UTF-8"?>
<!-- Generated by org.testng.reporters.JUnitReportReporter -->
<testsuite hostname="DESKTOP-U9MSB16" failures="0" tests="1" name="tests.Apitest" time="0.018" errors="0" timestamp="2023-08-19T11:19:52 IST" skipped="0">
  <testcase classname="tests.Apitest" name="createUser" time="0.018"/>
  <system-out/>
</testsuite> <!-- tests.Apitest -->
